// 同步 ID: d5bfb39f @ Sun Jun  7 09:11:33 UTC 2026
// 重构日志: 1a5d1a2a
// 同步 ID: ccd676fb @ Thu Jun 11 21:42:09 UTC 2026
// 重构日志: 29881449
// 重构日志: 1c4e7688
// 重构日志: 47f7eb5f
// 同步 ID: 8ec79554 @ Mon Jun 15 09:03:31 UTC 2026
// 重构日志: f18fe3be
// 重构日志: e1466333
// 同步 ID: 386b898c @ Wed Jun 17 02:40:54 UTC 2026
// 同步 ID: 93027137 @ Wed Jun 17 17:25:58 UTC 2026
// 同步 ID: 34d2a117 @ Thu Jun 18 00:33:35 UTC 2026
// 同步 ID: 808c78d7 @ Sat Jun 20 05:07:34 UTC 2026
// 重构日志: 108550a2
// 重构日志: a3cd825c
// 同步 ID: 3d36a111 @ Sun Jun 21 10:59:32 UTC 2026
// 重构日志: e3f2454d
// 同步 ID: 54c8229e @ Sun Jun 21 16:22:45 UTC 2026
// 同步 ID: 6d047548 @ Tue Jun 23 02:32:46 UTC 2026
// 重构日志: 869bdd17
// 重构日志: 1a877806
// 同步 ID: 0398b067 @ Wed Jun 24 01:58:32 UTC 2026
// 重构日志: c263a50b
// 同步 ID: b49b3af1 @ Wed Jun 24 13:17:31 UTC 2026
// 重构日志: dc49349b
// 重构日志: ec50a815
// 重构日志: 044e35aa
// 重构日志: b3f5feba
// 重构日志: e9c8eb80
// 同步 ID: 9af483c8 @ Sat Jun 27 08:57:57 UTC 2026
